# Logfile created on 2015-10-17 08:29:19 -0400 by logger.rb/44203
D, [2015-10-17T08:29:19.044419 #6582] DEBUG -- : REQUESTING PAGE: GET / with {} and HTTP headers {}
D, [2015-10-17T08:30:15.114683 #6584] DEBUG -- : REQUESTING PAGE: GET / with {} and HTTP headers {}
D, [2015-10-17T08:33:17.351278 #6590] DEBUG -- : REQUESTING PAGE: GET / with {} and HTTP headers {}
D, [2015-10-17T08:33:54.388881 #6591] DEBUG -- : REQUESTING PAGE: GET / with {} and HTTP headers {}
D, [2015-10-17T08:35:56.493514 #6593] DEBUG -- : REQUESTING PAGE: GET / with {} and HTTP headers {}
D, [2015-10-17T08:37:45.937185 #6594] DEBUG -- : REQUESTING PAGE: GET / with {} and HTTP headers {}
D, [2015-10-17T08:37:45.952908 #6594] DEBUG -- : REQUESTING PAGE: POST /bienvenida with {"nombre"=>"Israel"} and HTTP headers {"HTTP_REFERER"=>"/"}
D, [2015-10-17T08:39:13.188563 #6606] DEBUG -- : REQUESTING PAGE: GET / with {} and HTTP headers {}
D, [2015-10-17T08:39:13.204129 #6606] DEBUG -- : REQUESTING PAGE: POST /bienvenida with {"nombre"=>"Israel"} and HTTP headers {"HTTP_REFERER"=>"/"}
D, [2015-10-17T08:40:28.886851 #6608] DEBUG -- : REQUESTING PAGE: GET / with {} and HTTP headers {}
D, [2015-10-17T08:40:28.902286 #6608] DEBUG -- : REQUESTING PAGE: POST /bienvenida with {"nombre"=>"Israel"} and HTTP headers {"HTTP_REFERER"=>"/"}
D, [2015-10-17T08:40:50.036553 #6609] DEBUG -- : REQUESTING PAGE: GET / with {} and HTTP headers {}
D, [2015-10-17T08:40:50.051982 #6609] DEBUG -- : REQUESTING PAGE: POST /bienvenida with {"nombre"=>"Israel"} and HTTP headers {"HTTP_REFERER"=>"/"}
D, [2015-10-17T08:42:33.790609 #6612] DEBUG -- : REQUESTING PAGE: GET / with {} and HTTP headers {}
D, [2015-10-17T08:42:33.805888 #6612] DEBUG -- : REQUESTING PAGE: POST /bienvenida with {"nombre"=>"Israel"} and HTTP headers {"HTTP_REFERER"=>"/"}
D, [2015-10-17T08:46:48.423113 #6615] DEBUG -- : REQUESTING PAGE: GET / with {} and HTTP headers {}
D, [2015-10-17T08:46:48.438472 #6615] DEBUG -- : REQUESTING PAGE: POST /bienvenida with {"nombre"=>"Israel"} and HTTP headers {"HTTP_REFERER"=>"/"}
D, [2015-11-09T21:57:33.310175 #1784] DEBUG -- : REQUESTING PAGE: GET / with {} and HTTP headers {}
D, [2015-11-09T22:15:51.698589 #2007] DEBUG -- : REQUESTING PAGE: GET / with {} and HTTP headers {}
D, [2015-11-09T22:25:00.662068 #2078] DEBUG -- : REQUESTING PAGE: GET / with {} and HTTP headers {}
D, [2015-11-09T22:25:00.680489 #2078] DEBUG -- : REQUESTING PAGE: GET / with {} and HTTP headers {}
D, [2015-11-09T22:29:50.897850 #2110] DEBUG -- : REQUESTING PAGE: GET / with {} and HTTP headers {}
D, [2015-11-09T22:29:50.916196 #2110] DEBUG -- : REQUESTING PAGE: GET / with {} and HTTP headers {}
D, [2015-11-09T22:30:17.138992 #2115] DEBUG -- : REQUESTING PAGE: GET / with {} and HTTP headers {}
D, [2015-11-09T22:30:17.158134 #2115] DEBUG -- : REQUESTING PAGE: GET / with {} and HTTP headers {}
D, [2015-11-09T22:42:32.829547 #2191] DEBUG -- : REQUESTING PAGE: GET / with {} and HTTP headers {}
D, [2015-11-09T22:42:32.847927 #2191] DEBUG -- : REQUESTING PAGE: GET / with {} and HTTP headers {}
D, [2015-11-09T22:45:53.752695 #2219] DEBUG -- : REQUESTING PAGE: GET / with {} and HTTP headers {}
D, [2015-11-09T22:45:53.771519 #2219] DEBUG -- : REQUESTING PAGE: GET / with {} and HTTP headers {}
D, [2015-11-09T22:48:07.080324 #2233] DEBUG -- : REQUESTING PAGE: GET / with {} and HTTP headers {}
D, [2015-11-09T22:48:07.099122 #2233] DEBUG -- : REQUESTING PAGE: GET / with {} and HTTP headers {}
D, [2015-11-09T22:50:44.368408 #2251] DEBUG -- : REQUESTING PAGE: GET / with {} and HTTP headers {}
D, [2015-11-09T22:50:44.386535 #2251] DEBUG -- : REQUESTING PAGE: GET / with {} and HTTP headers {}
D, [2015-11-09T22:51:07.874669 #2254] DEBUG -- : REQUESTING PAGE: GET / with {} and HTTP headers {}
D, [2015-11-09T22:51:07.893002 #2254] DEBUG -- : REQUESTING PAGE: GET / with {} and HTTP headers {}
D, [2015-11-09T22:54:20.302492 #2274] DEBUG -- : REQUESTING PAGE: GET / with {} and HTTP headers {}
D, [2015-11-09T22:54:20.324937 #2274] DEBUG -- : REQUESTING PAGE: GET / with {} and HTTP headers {}
D, [2015-11-09T22:55:24.975428 #2286] DEBUG -- : REQUESTING PAGE: GET / with {} and HTTP headers {}
D, [2015-11-09T22:55:24.994682 #2286] DEBUG -- : REQUESTING PAGE: GET / with {} and HTTP headers {}
D, [2015-11-09T22:56:15.484500 #2292] DEBUG -- : REQUESTING PAGE: GET / with {} and HTTP headers {}
D, [2015-11-09T22:56:15.504586 #2292] DEBUG -- : REQUESTING PAGE: GET / with {} and HTTP headers {}
D, [2015-11-09T23:02:03.240834 #2335] DEBUG -- : REQUESTING PAGE: GET / with {} and HTTP headers {}
D, [2015-11-09T23:02:03.260420 #2335] DEBUG -- : REQUESTING PAGE: GET / with {} and HTTP headers {}
D, [2015-11-09T23:02:03.262643 #2335] DEBUG -- : REQUESTING PAGE: POST / with {} and HTTP headers {"HTTP_REFERER"=>"/"}
D, [2015-11-09T23:02:22.957951 #2338] DEBUG -- : REQUESTING PAGE: GET / with {} and HTTP headers {}
D, [2015-11-09T23:02:22.978477 #2338] DEBUG -- : REQUESTING PAGE: GET / with {} and HTTP headers {}
D, [2015-11-09T23:02:22.981405 #2338] DEBUG -- : REQUESTING PAGE: POST / with {} and HTTP headers {"HTTP_REFERER"=>"/"}
D, [2015-11-09T23:03:49.384758 #2348] DEBUG -- : REQUESTING PAGE: GET / with {} and HTTP headers {}
D, [2015-11-09T23:03:49.403467 #2348] DEBUG -- : REQUESTING PAGE: GET / with {} and HTTP headers {}
D, [2015-11-09T23:03:49.405710 #2348] DEBUG -- : REQUESTING PAGE: POST / with {} and HTTP headers {"HTTP_REFERER"=>"/"}
D, [2015-11-09T23:07:48.354067 #2373] DEBUG -- : REQUESTING PAGE: GET / with {} and HTTP headers {}
D, [2015-11-09T23:07:48.372781 #2373] DEBUG -- : REQUESTING PAGE: GET / with {} and HTTP headers {}
D, [2015-11-09T23:07:48.375060 #2373] DEBUG -- : REQUESTING PAGE: POST / with {} and HTTP headers {"HTTP_REFERER"=>"/"}
D, [2015-11-09T23:09:31.397197 #2385] DEBUG -- : REQUESTING PAGE: GET / with {} and HTTP headers {}
D, [2015-11-09T23:09:31.415538 #2385] DEBUG -- : REQUESTING PAGE: GET / with {} and HTTP headers {}
D, [2015-11-09T23:09:31.417797 #2385] DEBUG -- : REQUESTING PAGE: POST / with {} and HTTP headers {"HTTP_REFERER"=>"/"}
D, [2015-11-09T23:28:22.197342 #2508] DEBUG -- : REQUESTING PAGE: GET / with {} and HTTP headers {}
D, [2015-11-09T23:28:22.215539 #2508] DEBUG -- : REQUESTING PAGE: GET / with {} and HTTP headers {}
D, [2015-11-09T23:28:22.217769 #2508] DEBUG -- : REQUESTING PAGE: POST / with {} and HTTP headers {"HTTP_REFERER"=>"/"}
D, [2015-11-09T23:42:12.175457 #2601] DEBUG -- : REQUESTING PAGE: GET / with {} and HTTP headers {}
D, [2015-11-09T23:42:12.194326 #2601] DEBUG -- : REQUESTING PAGE: GET / with {} and HTTP headers {}
D, [2015-11-09T23:42:12.196604 #2601] DEBUG -- : REQUESTING PAGE: POST / with {} and HTTP headers {"HTTP_REFERER"=>"/"}
D, [2015-11-09T23:55:24.281869 #2684] DEBUG -- : REQUESTING PAGE: GET / with {} and HTTP headers {}
D, [2015-11-09T23:55:24.300375 #2684] DEBUG -- : REQUESTING PAGE: GET / with {} and HTTP headers {}
D, [2015-11-09T23:55:24.302633 #2684] DEBUG -- : REQUESTING PAGE: POST / with {} and HTTP headers {"HTTP_REFERER"=>"/"}
D, [2015-11-09T23:56:24.678899 #2691] DEBUG -- : REQUESTING PAGE: GET / with {} and HTTP headers {}
D, [2015-11-09T23:56:24.697367 #2691] DEBUG -- : REQUESTING PAGE: GET / with {} and HTTP headers {}
D, [2015-11-09T23:56:24.699800 #2691] DEBUG -- : REQUESTING PAGE: POST / with {} and HTTP headers {"HTTP_REFERER"=>"/"}
D, [2015-11-09T23:57:10.309283 #2697] DEBUG -- : REQUESTING PAGE: GET / with {} and HTTP headers {}
D, [2015-11-09T23:57:10.327795 #2697] DEBUG -- : REQUESTING PAGE: GET / with {} and HTTP headers {}
D, [2015-11-09T23:57:10.330294 #2697] DEBUG -- : REQUESTING PAGE: POST / with {} and HTTP headers {"HTTP_REFERER"=>"/"}
D, [2015-11-09T23:59:27.368692 #2713] DEBUG -- : REQUESTING PAGE: GET / with {} and HTTP headers {}
D, [2015-11-09T23:59:27.389924 #2713] DEBUG -- : REQUESTING PAGE: GET / with {} and HTTP headers {}
D, [2015-11-09T23:59:27.393225 #2713] DEBUG -- : REQUESTING PAGE: POST / with {} and HTTP headers {"HTTP_REFERER"=>"/"}
D, [2015-11-09T23:59:48.261757 #2717] DEBUG -- : REQUESTING PAGE: GET / with {} and HTTP headers {}
D, [2015-11-09T23:59:48.280107 #2717] DEBUG -- : REQUESTING PAGE: GET / with {} and HTTP headers {}
D, [2015-11-09T23:59:48.282354 #2717] DEBUG -- : REQUESTING PAGE: POST / with {} and HTTP headers {"HTTP_REFERER"=>"/"}
D, [2015-11-10T00:00:51.079472 #2724] DEBUG -- : REQUESTING PAGE: GET / with {} and HTTP headers {}
D, [2015-11-10T00:00:51.098004 #2724] DEBUG -- : REQUESTING PAGE: GET / with {} and HTTP headers {}
D, [2015-11-10T00:00:51.100284 #2724] DEBUG -- : REQUESTING PAGE: POST / with {} and HTTP headers {"HTTP_REFERER"=>"/"}
D, [2015-11-10T00:14:31.979738 #2818] DEBUG -- : REQUESTING PAGE: GET / with {} and HTTP headers {}
D, [2015-11-10T00:14:31.998434 #2818] DEBUG -- : REQUESTING PAGE: GET / with {} and HTTP headers {}
D, [2015-11-10T00:14:32.000789 #2818] DEBUG -- : REQUESTING PAGE: POST / with {} and HTTP headers {"HTTP_REFERER"=>"/"}
D, [2015-11-10T14:17:47.646258 #3484] DEBUG -- : REQUESTING PAGE: GET / with {} and HTTP headers {}
D, [2015-11-10T14:17:47.687312 #3484] DEBUG -- : REQUESTING PAGE: GET / with {} and HTTP headers {}
D, [2015-11-10T14:17:47.690369 #3484] DEBUG -- : REQUESTING PAGE: POST / with {} and HTTP headers {"HTTP_REFERER"=>"/"}
D, [2015-11-10T14:19:15.261634 #3494] DEBUG -- : REQUESTING PAGE: GET / with {} and HTTP headers {}
D, [2015-11-10T14:19:15.284639 #3494] DEBUG -- : REQUESTING PAGE: POST / with {} and HTTP headers {"HTTP_REFERER"=>"/"}
D, [2015-11-10T14:19:15.287499 #3494] DEBUG -- : REQUESTING PAGE: GET / with {} and HTTP headers {}
D, [2015-11-10T14:20:59.634341 #3511] DEBUG -- : REQUESTING PAGE: GET / with {} and HTTP headers {}
D, [2015-11-10T14:20:59.656396 #3511] DEBUG -- : REQUESTING PAGE: POST / with {} and HTTP headers {"HTTP_REFERER"=>"/"}
D, [2015-11-10T14:20:59.659393 #3511] DEBUG -- : REQUESTING PAGE: GET / with {} and HTTP headers {}
D, [2015-11-10T14:20:59.661553 #3511] DEBUG -- : REQUESTING PAGE: POST / with {} and HTTP headers {"HTTP_REFERER"=>"/"}
D, [2015-11-10T14:24:03.386847 #3532] DEBUG -- : REQUESTING PAGE: GET / with {} and HTTP headers {}
D, [2015-11-10T14:24:03.405487 #3532] DEBUG -- : REQUESTING PAGE: POST / with {} and HTTP headers {"HTTP_REFERER"=>"/"}
D, [2015-11-10T14:24:03.408322 #3532] DEBUG -- : REQUESTING PAGE: GET / with {} and HTTP headers {}
D, [2015-11-10T14:24:03.410365 #3532] DEBUG -- : REQUESTING PAGE: POST / with {} and HTTP headers {"HTTP_REFERER"=>"/"}
D, [2015-11-10T14:26:45.685842 #3550] DEBUG -- : REQUESTING PAGE: GET / with {} and HTTP headers {}
D, [2015-11-10T14:26:45.711590 #3550] DEBUG -- : REQUESTING PAGE: GET / with {} and HTTP headers {}
D, [2015-11-10T14:28:34.521943 #3562] DEBUG -- : REQUESTING PAGE: GET / with {} and HTTP headers {}
D, [2015-11-10T14:28:34.542088 #3562] DEBUG -- : REQUESTING PAGE: GET / with {} and HTTP headers {}
D, [2015-11-10T14:28:57.912793 #3565] DEBUG -- : REQUESTING PAGE: GET / with {} and HTTP headers {}
D, [2015-11-10T14:28:57.932980 #3565] DEBUG -- : REQUESTING PAGE: GET / with {} and HTTP headers {}
D, [2015-11-10T14:28:57.934818 #3565] DEBUG -- : REQUESTING PAGE: GET /juego with {} and HTTP headers {"HTTP_REFERER"=>"/"}
D, [2015-11-10T14:29:05.822211 #3567] DEBUG -- : REQUESTING PAGE: GET / with {} and HTTP headers {}
D, [2015-11-10T14:29:05.842242 #3567] DEBUG -- : REQUESTING PAGE: GET / with {} and HTTP headers {}
D, [2015-11-10T18:49:58.075023 #5236] DEBUG -- : REQUESTING PAGE: GET / with {} and HTTP headers {}
D, [2015-11-10T18:49:58.113110 #5236] DEBUG -- : REQUESTING PAGE: GET / with {} and HTTP headers {}
D, [2015-11-11T14:02:10.003305 #10126] DEBUG -- : REQUESTING PAGE: GET / with {} and HTTP headers {}
D, [2015-11-11T14:02:10.040193 #10126] DEBUG -- : REQUESTING PAGE: GET / with {} and HTTP headers {}
D, [2015-11-11T14:02:10.043177 #10126] DEBUG -- : REQUESTING PAGE: POST / with {} and HTTP headers {"HTTP_REFERER"=>"/"}
